#
# A fatal error has been detected by the Java Runtime Environment:
#
#  Internal Error (javaCalls.cpp:51), pid=30248, tid=0x0000000000006a3c
#  guarantee(thread->is_Java_thread()) failed: crucial check - the VM thread cannot and must not escape to Java code
#
# JRE version: Java(TM) SE Runtime Environment (8.0_181-b13) (build 1.8.0_181-b13)
# Java VM: Java HotSpot(TM) 64-Bit Server VM (25.181-b13 mixed mode windows-amd64 compressed oops)
# Failed to write core dump. Minidumps are not enabled by default on client versions of Windows
#
# If you would like to submit a bug report, please visit:
#   http://bugreport.java.com/bugreport/crash.jsp
#

---------------  T H R E A D  ---------------

Current thread (0x00000000178b9000):  VMThread [stack: 0x0000000019590000,0x0000000019690000] [id=27196]

Stack: [0x0000000019590000,0x0000000019690000]
[error occurred during error reporting (printing stack bounds), id 0xc0000005]

Native frames: (J=compiled Java code, j=interpreted, Vv=VM code, C=native code)

VM_Operation (0x000000001a3bf200): GetOrSetLocal, mode: safepoint, requested by thread 0x00000000197ca000


---------------  P R O C E S S  ---------------

Java Threads: ( => current thread )
  0x000000001b191000 JavaThread "ReaderThread" [_thread_in_native, id=30152, stack(0x000000001b4c0000,0x000000001b5c0000)]
  0x00000000197ef000 JavaThread "Service Thread" daemon [_thread_blocked, id=18304, stack(0x000000001a9c0000,0x000000001aac0000)]
  0x0000000019835800 JavaThread "C1 CompilerThread3" daemon [_thread_blocked, id=15440, stack(0x000000001a8c0000,0x000000001a9c0000)]
  0x0000000019835000 JavaThread "C2 CompilerThread2" daemon [_thread_blocked, id=29956, stack(0x000000001a7c0000,0x000000001a8c0000)]
  0x0000000019821800 JavaThread "C2 CompilerThread1" daemon [_thread_blocked, id=19480, stack(0x000000001a6c0000,0x000000001a7c0000)]
  0x0000000019826800 JavaThread "C2 CompilerThread0" daemon [_thread_blocked, id=28576, stack(0x000000001a5c0000,0x000000001a6c0000)]
  0x00000000197dc800 JavaThread "JDWP Command Reader" daemon [_thread_in_native, id=2696, stack(0x000000001a4c0000,0x000000001a5c0000)]
  0x00000000197d9000 JavaThread "JDWP Event Helper Thread" daemon [_thread_blocked, id=30136, stack(0x000000001a3c0000,0x000000001a4c0000)]
  0x00000000197ca000 JavaThread "JDWP Transport Listener: dt_socket" daemon [_thread_blocked, id=26448, stack(0x000000001a2c0000,0x000000001a3c0000)]
  0x00000000197c0000 JavaThread "Attach Listener" daemon [_thread_blocked, id=23320, stack(0x0000000019e80000,0x0000000019f80000)]
  0x00000000197bf000 JavaThread "Signal Dispatcher" daemon [_thread_blocked, id=21992, stack(0x0000000019d80000,0x0000000019e80000)]
  0x00000000197b0800 JavaThread "Finalizer" daemon [_thread_blocked, id=24572, stack(0x0000000019b90000,0x0000000019c90000)]
  0x00000000178bd800 JavaThread "Reference Handler" daemon [_thread_blocked, id=29516, stack(0x0000000019690000,0x0000000019790000)]
  0x0000000002804800 JavaThread "main" [_thread_blocked, id=21408, stack(0x0000000002680000,0x0000000002780000)]

Other Threads:
=>0x00000000178b9000 VMThread [stack: 0x0000000019590000,0x0000000019690000] [id=27196]
  0x00000000197fd000 WatcherThread [stack: 0x000000001aac0000,0x000000001abc0000] [id=24916]

VM state:at safepoint (normal execution)

VM Mutex/Monitor currently owned by a thread:  ([mutex/lock_event])
[0x0000000002801a50] Threads_lock - owner thread: 0x00000000178b9000

Heap:
 PSYoungGen      total 38400K, used 17371K [0x00000000d5c00000, 0x00000000d8680000, 0x0000000100000000)
  eden space 33280K, 52% used [0x00000000d5c00000,0x00000000d6cf6c90,0x00000000d7c80000)
  from space 5120K, 0% used [0x00000000d8180000,0x00000000d8180000,0x00000000d8680000)
  to   space 5120K, 0% used [0x00000000d7c80000,0x00000000d7c80000,0x00000000d8180000)
 ParOldGen       total 87552K, used 0K [0x0000000081400000, 0x0000000086980000, 0x00000000d5c00000)
  object space 87552K, 0% used [0x0000000081400000,0x0000000081400000,0x0000000086980000)
 Metaspace       used 8467K, capacity 8586K, committed 8704K, reserved 1056768K
  class space    used 978K, capacity 1009K, committed 1024K, reserved 1048576K

Card table byte_map: [0x0000000011cc0000,0x00000000120c0000] byte_map_base: 0x00000000118b6000

Marking Bits: (ParMarkBitMap*) 0x000000005c102d00
 Begin Bits: [0x0000000012b70000, 0x0000000014b20000)
 End Bits:   [0x0000000014b20000, 0x0000000016ad0000)

Polling page: 0x00000000025f0000

CodeCache: size=245760Kb used=2364Kb max_used=2364Kb free=243395Kb
 bounds [0x0000000002900000, 0x0000000002b70000, 0x0000000011900000]
 total_blobs=784 nmethods=472 adapters=233
 compilation: enabled

Compilation events (10 events):
Event: 1.291 Thread 0x0000000019835800  467       3       sun.misc.PerfCounter::addTime (6 bytes)
Event: 1.291 Thread 0x0000000019835800 nmethod 467 0x0000000002b42790 code [0x0000000002b42940, 0x0000000002b43058]
Event: 1.291 Thread 0x0000000019835800  468       3       sun.misc.PerfCounter::getFindClassTime (4 bytes)
Event: 1.291 Thread 0x0000000019835800 nmethod 468 0x0000000002b42490 code [0x0000000002b425e0, 0x0000000002b42710]
Event: 1.297 Thread 0x0000000019835800  469       3       java.net.URLClassLoader::defineClass (142 bytes)
Event: 1.299 Thread 0x0000000019835800 nmethod 469 0x0000000002b49bd0 code [0x0000000002b49f60, 0x0000000002b4c2f8]
Event: 1.303 Thread 0x0000000019835800  471       3       java.util.zip.ZipFile$ZipFileInflaterInputStream::fill (80 bytes)
Event: 1.303 Thread 0x0000000019835800 nmethod 471 0x0000000002b41910 code [0x0000000002b41ac0, 0x0000000002b41ec8]
Event: 1.304 Thread 0x0000000019835800  472   !   3       java.util.zip.Inflater::setInput (74 bytes)
Event: 1.304 Thread 0x0000000019835800 nmethod 472 0x0000000002b4d750 code [0x0000000002b4d900, 0x0000000002b4ded8]

GC Heap History (0 events):
No events

Deoptimization events (3 events):
Event: 0.819 Thread 0x0000000002804800 Uncommon trap: reason=unstable_if action=reinterpret pc=0x0000000002a50118 method=java.lang.String.startsWith(Ljava/lang/String;I)Z @ 25
Event: 0.944 Thread 0x0000000002804800 Uncommon trap: reason=unstable_if action=reinterpret pc=0x0000000002abd8ec method=java.lang.String.indexOf([CII[CIII)I @ 3
Event: 1.295 Thread 0x0000000002804800 Uncommon trap: reason=class_check action=maybe_recompile pc=0x0000000002a8a350 method=java.lang.String.equals(Ljava/lang/Object;)Z @ 8

Classes redefined (7 events):
Event: 277.859 Thread 0x00000000178b9000 redefined class name=upload_advertisment_testcases.AdDetailsTest, count=1
Event: 848.263 Thread 0x00000000178b9000 redefined class name=upload_advertisment_testcases.AdDetailsTest, count=2
Event: 901.670 Thread 0x00000000178b9000 redefined class name=upload_advertisment_testcases.BaseTest, count=1
Event: 1123.693 Thread 0x00000000178b9000 redefined class name=upload_advertisment_testcases.AdDetailsTest, count=4
Event: 1126.468 Thread 0x00000000178b9000 redefined class name=upload_advertisment_testcases.AdDetailsTest, count=5
Event: 1131.046 Thread 0x00000000178b9000 redefined class name=upload_advertisment_testcases.AdDetailsTest, count=6
Event: 1164.448 Thread 0x00000000178b9000 redefined class name=upload_advertisment_testcases.AdDetailsTest, count=7

Internal exceptions (10 events):
Event: 0.029 Thread 0x0000000002804800 Exception <a 'java/lang/NoSuchMethodError': Method sun.misc.Unsafe.defineClass(Ljava/lang/String;[BII)Ljava/lang/Class; name or signature does not match> (0x00000000d5c07cb0) thrown at [C:\re\workspace\8-2-build-windows-amd64-cygwin\jdk8u181\11358\hotspot
Event: 0.029 Thread 0x0000000002804800 Exception <a 'java/lang/NoSuchMethodError': Method sun.misc.Unsafe.prefetchRead(Ljava/lang/Object;J)V name or signature does not match> (0x00000000d5c07f98) thrown at [C:\re\workspace\8-2-build-windows-amd64-cygwin\jdk8u181\11358\hotspot\src\share\vm\prim
Event: 0.795 Thread 0x0000000002804800 Exception <a 'java/lang/ArrayIndexOutOfBoundsException'> (0x00000000d604d400) thrown at [C:\re\workspace\8-2-build-windows-amd64-cygwin\jdk8u181\11358\hotspot\src\share\vm\runtime\sharedRuntime.cpp, line 605]
Event: 0.796 Thread 0x0000000002804800 Exception <a 'java/lang/ArrayIndexOutOfBoundsException'> (0x00000000d604e308) thrown at [C:\re\workspace\8-2-build-windows-amd64-cygwin\jdk8u181\11358\hotspot\src\share\vm\runtime\sharedRuntime.cpp, line 605]
Event: 0.804 Thread 0x0000000002804800 Exception <a 'java/security/PrivilegedActionException'> (0x00000000d6072f18) thrown at [C:\re\workspace\8-2-build-windows-amd64-cygwin\jdk8u181\11358\hotspot\src\share\vm\prims\jvm.cpp, line 1435]
Event: 0.804 Thread 0x0000000002804800 Exception <a 'java/security/PrivilegedActionException'> (0x00000000d6073128) thrown at [C:\re\workspace\8-2-build-windows-amd64-cygwin\jdk8u181\11358\hotspot\src\share\vm\prims\jvm.cpp, line 1435]
Event: 0.805 Thread 0x0000000002804800 Exception <a 'java/security/PrivilegedActionException'> (0x00000000d6076d98) thrown at [C:\re\workspace\8-2-build-windows-amd64-cygwin\jdk8u181\11358\hotspot\src\share\vm\prims\jvm.cpp, line 1435]
Event: 0.805 Thread 0x0000000002804800 Exception <a 'java/security/PrivilegedActionException'> (0x00000000d6076fa8) thrown at [C:\re\workspace\8-2-build-windows-amd64-cygwin\jdk8u181\11358\hotspot\src\share\vm\prims\jvm.cpp, line 1435]
Event: 1.497 Thread 0x0000000002804800 Exception <a 'java/lang/ArrayIndexOutOfBoundsException': 65> (0x00000000d6c36788) thrown at [C:\re\workspace\8-2-build-windows-amd64-cygwin\jdk8u181\11358\hotspot\src\share\vm\interpreter\interpreterRuntime.cpp, line 366]
Event: 1.500 Thread 0x0000000002804800 Exception <a 'java/lang/ArrayIndexOutOfBoundsException': 60> (0x00000000d6c3c2e0) thrown at [C:\re\workspace\8-2-build-windows-amd64-cygwin\jdk8u181\11358\hotspot\src\share\vm\interpreter\interpreterRuntime.cpp, line 366]

Events (10 events):
Event: 1164.952 Executing VM operation: GetOrSetLocal done
Event: 1164.952 Executing VM operation: GetOrSetLocal
Event: 1164.952 Executing VM operation: GetOrSetLocal done
Event: 1164.953 Executing VM operation: GetOrSetLocal
Event: 1164.953 Executing VM operation: GetOrSetLocal done
Event: 1164.953 Executing VM operation: GetOrSetLocal
Event: 1164.953 Executing VM operation: GetOrSetLocal done
Event: 1164.953 Executing VM operation: GetOrSetLocal
Event: 1164.953 Executing VM operation: GetOrSetLocal done
Event: 1167.952 Executing VM operation: GetOrSetLocal


Dynamic libraries:
0x00007ff755150000 - 0x00007ff755187000 	C:\Program Files\Java\jre1.8.0_181\bin\javaw.exe
0x00007ffc43490000 - 0x00007ffc43671000 	C:\WINDOWS\SYSTEM32\ntdll.dll
0x00007ffc409c0000 - 0x00007ffc40a72000 	C:\WINDOWS\System32\KERNEL32.DLL
0x00007ffc40410000 - 0x00007ffc40683000 	C:\WINDOWS\System32\KERNELBASE.dll
0x00007ffc40f30000 - 0x00007ffc40fd1000 	C:\WINDOWS\System32\ADVAPI32.dll
0x00007ffc40fe0000 - 0x00007ffc4107e000 	C:\WINDOWS\System32\msvcrt.dll
0x00007ffc40a80000 - 0x00007ffc40adb000 	C:\WINDOWS\System32\sechost.dll
0x00007ffc431d0000 - 0x00007ffc432f4000 	C:\WINDOWS\System32\RPCRT4.dll
0x00007ffc40b10000 - 0x00007ffc40ca0000 	C:\WINDOWS\System32\USER32.dll
0x00007ffc3fbe0000 - 0x00007ffc3fc00000 	C:\WINDOWS\System32\win32u.dll
0x00007ffc40d00000 - 0x00007ffc40d28000 	C:\WINDOWS\System32\GDI32.dll
0x00007ffc3f860000 - 0x00007ffc3f9f2000 	C:\WINDOWS\System32\gdi32full.dll
0x00007ffc40690000 - 0x00007ffc4072f000 	C:\WINDOWS\System32\msvcp_win.dll
0x00007ffc3fa60000 - 0x00007ffc3fb5a000 	C:\WINDOWS\System32\ucrtbase.dll
0x00007ffc2b450000 - 0x00007ffc2b6b9000 	C:\WINDOWS\WinSxS\amd64_microsoft.windows.common-controls_6595b64144ccf1df_6.0.17134.471_none_fb3e9aab3068fc16\COMCTL32.dll
0x00007ffc42da0000 - 0x00007ffc430c2000 	C:\WINDOWS\System32\combase.dll
0x00007ffc3fb60000 - 0x00007ffc3fbda000 	C:\WINDOWS\System32\bcryptPrimitives.dll
0x00007ffc40ae0000 - 0x00007ffc40b0d000 	C:\WINDOWS\System32\IMM32.DLL
0x000000005cb40000 - 0x000000005cc12000 	C:\Program Files\Java\jre1.8.0_181\bin\msvcr100.dll
0x000000005b8e0000 - 0x000000005c182000 	C:\Program Files\Java\jre1.8.0_181\bin\server\jvm.dll
0x00007ffc409b0000 - 0x00007ffc409b8000 	C:\WINDOWS\System32\PSAPI.DLL
0x00007ffc2e010000 - 0x00007ffc2e019000 	C:\WINDOWS\SYSTEM32\WSOCK32.dll
0x00007ffc3d170000 - 0x00007ffc3d193000 	C:\WINDOWS\SYSTEM32\WINMM.dll
0x00007ffc2e1c0000 - 0x00007ffc2e1ca000 	C:\WINDOWS\SYSTEM32\VERSION.dll
0x00007ffc417a0000 - 0x00007ffc4180c000 	C:\WINDOWS\System32\WS2_32.dll
0x00007ffc3d140000 - 0x00007ffc3d16a000 	C:\WINDOWS\SYSTEM32\winmmbase.dll
0x00007ffc403c0000 - 0x00007ffc40409000 	C:\WINDOWS\System32\cfgmgr32.dll
0x000000005cb30000 - 0x000000005cb3f000 	C:\Program Files\Java\jre1.8.0_181\bin\verify.dll
0x000000005b8b0000 - 0x000000005b8d9000 	C:\Program Files\Java\jre1.8.0_181\bin\java.dll
0x000000005b870000 - 0x000000005b8a5000 	C:\Program Files\Java\jre1.8.0_181\bin\jdwp.dll
0x000000005b860000 - 0x000000005b868000 	C:\Program Files\Java\jre1.8.0_181\bin\npt.dll
0x000000005b840000 - 0x000000005b856000 	C:\Program Files\Java\jre1.8.0_181\bin\zip.dll
0x00007ffc41890000 - 0x00007ffc42cd0000 	C:\WINDOWS\System32\SHELL32.dll
0x00007ffc41120000 - 0x00007ffc411c9000 	C:\WINDOWS\System32\shcore.dll
0x00007ffc3fc00000 - 0x00007ffc4030d000 	C:\WINDOWS\System32\windows.storage.dll
0x00007ffc40ca0000 - 0x00007ffc40cf1000 	C:\WINDOWS\System32\shlwapi.dll
0x00007ffc3f820000 - 0x00007ffc3f831000 	C:\WINDOWS\System32\kernel.appcore.dll
0x00007ffc3f800000 - 0x00007ffc3f81f000 	C:\WINDOWS\System32\profapi.dll
0x00007ffc3f7b0000 - 0x00007ffc3f7fc000 	C:\WINDOWS\System32\powrprof.dll
0x00007ffc3f7a0000 - 0x00007ffc3f7aa000 	C:\WINDOWS\System32\FLTLIB.DLL
0x000000005b830000 - 0x000000005b839000 	C:\Program Files\Java\jre1.8.0_181\bin\dt_socket.dll
0x00007ffc2b1f0000 - 0x00007ffc2b206000 	C:\WINDOWS\system32\napinsp.dll
0x00007ffc2b1d0000 - 0x00007ffc2b1ea000 	C:\WINDOWS\system32\pnrpnsp.dll
0x00007ffc3b8b0000 - 0x00007ffc3b8c9000 	C:\WINDOWS\system32\NLAapi.dll
0x00007ffc3f020000 - 0x00007ffc3f086000 	C:\WINDOWS\System32\mswsock.dll
0x00007ffc3ede0000 - 0x00007ffc3ee9e000 	C:\WINDOWS\SYSTEM32\DNSAPI.dll
0x00007ffc431c0000 - 0x00007ffc431c8000 	C:\WINDOWS\System32\NSI.dll
0x00007ffc3eda0000 - 0x00007ffc3edd8000 	C:\WINDOWS\SYSTEM32\IPHLPAPI.DLL
0x00007ffc2f380000 - 0x00007ffc2f38e000 	C:\WINDOWS\System32\winrnr.dll
0x00007ffc38eb0000 - 0x00007ffc38ec5000 	C:\WINDOWS\System32\wshbth.dll
0x00007ffc38860000 - 0x00007ffc388d2000 	C:\WINDOWS\System32\fwpuclnt.dll
0x00007ffc3f300000 - 0x00007ffc3f325000 	C:\WINDOWS\SYSTEM32\bcrypt.dll
0x00007ffc377b0000 - 0x00007ffc377ba000 	C:\Windows\System32\rasadhlp.dll
0x000000005b810000 - 0x000000005b82a000 	C:\Program Files\Java\jre1.8.0_181\bin\net.dll
0x00007ffc3f1d0000 - 0x00007ffc3f1e7000 	C:\WINDOWS\SYSTEM32\CRYPTSP.dll
0x00007ffc3ec00000 - 0x00007ffc3ec33000 	C:\WINDOWS\system32\rsaenh.dll
0x00007ffc3f6a0000 - 0x00007ffc3f6c8000 	C:\WINDOWS\SYSTEM32\USERENV.dll
0x00007ffc3f1f0000 - 0x00007ffc3f1fb000 	C:\WINDOWS\SYSTEM32\CRYPTBASE.dll
0x00007ffc385b0000 - 0x00007ffc385c6000 	C:\WINDOWS\SYSTEM32\dhcpcsvc6.DLL
0x00007ffc38cd0000 - 0x00007ffc38cea000 	C:\WINDOWS\SYSTEM32\dhcpcsvc.DLL
0x000000005b7f0000 - 0x000000005b801000 	C:\Program Files\Java\jre1.8.0_181\bin\nio.dll

VM Arguments:
jvm_args: -agentlib:jdwp=transport=dt_socket,suspend=y,address=localhost:59250 -ea -Dfile.encoding=Cp1252 
java_command: org.testng.remote.RemoteTestNG -serport 59249 -protocol json -d C:\Users\shuchi\eclipse-workspace\upload_advertisment\test-output C:\Users\shuchi\AppData\Local\Temp\testng-eclipse-677920682\testng-customsuite.xml
java_class_path (initial): C:\Users\shuchi\eclipse\jee-photon\eclipse\configuration\org.eclipse.osgi\999\0\.cp\lib\testng-remote.jar;C:\Program Files\Java\jre1.8.0_181\lib\resources.jar;C:\Program Files\Java\jre1.8.0_181\lib\rt.jar;C:\Program Files\Java\jre1.8.0_181\lib\jsse.jar;C:\Program Files\Java\jre1.8.0_181\lib\jce.jar;C:\Program Files\Java\jre1.8.0_181\lib\charsets.jar;C:\Program Files\Java\jre1.8.0_181\lib\jfr.jar;C:\Program Files\Java\jre1.8.0_181\lib\ext\access-bridge-64.jar;C:\Program Files\Java\jre1.8.0_181\lib\ext\cldrdata.jar;C:\Program Files\Java\jre1.8.0_181\lib\ext\dnsns.jar;C:\Program Files\Java\jre1.8.0_181\lib\ext\jaccess.jar;C:\Program Files\Java\jre1.8.0_181\lib\ext\jfxrt.jar;C:\Program Files\Java\jre1.8.0_181\lib\ext\localedata.jar;C:\Program Files\Java\jre1.8.0_181\lib\ext\nashorn.jar;C:\Program Files\Java\jre1.8.0_181\lib\ext\sunec.jar;C:\Program Files\Java\jre1.8.0_181\lib\ext\sunjce_provider.jar;C:\Program Files\Java\jre1.8.0_181\lib\ext\sunmscapi.jar;C:\Program Files\Java\jre1.8.0_181\lib\ext\sunpkcs11.jar;C:\Program Files\Java\jre1.8.0_181\lib\ext\zipfs.jar;C:\Users\shuchi\eclipse-workspace\upload_advertisment\target\test-classes;C:\Users\shuchi\eclipse-workspace\upload_advertisment\target\classes;C:\Users\shuchi\.m2\repository\org\seleniumhq\selenium\selenium-java\3.8.0\selenium-java-3.8.0.jar;C:\Users\shuchi\.m2\repository\org\seleniumhq\selenium\selenium-api\3.8.0\selenium-api-3.8.0.jar;C:\Users\shuchi\.m2\repository\org\seleniumhq\selenium\selenium-chrome-driver\3.8.0\selenium-chrome-driver-3.8.0.jar;C:\Users\shuchi\.m2\repository\org\seleniumhq\selenium\selenium-edge-driver\3.8.0\selenium-edge-driver-3.8.0.jar;C:\Users\shuchi\.m2\repository\org\seleniumhq\selenium\selenium-firefox-driver\3.8.0\selenium-firefox-driver-3.8.0.jar;C:\Users\shuchi\.m2\repository\org\seleniumhq\selenium\selenium-ie-driver\3.8.0\selenium-ie-driver-3.8.0.jar;C:\Users\shuchi\.m2\repository\org\seleniumhq\selenium\selenium-opera-driver\3.8.0\selenium-opera-
Launcher Type: SUN_STANDARD

Environment Variables:
JAVA_HOME=C:\Program Files\Java\jdk1.8.0_181
PATH=C:/Program Files/Java/jdk1.8.0_181/bin/../jre/bin/server;C:/Program Files/Java/jdk1.8.0_181/bin/../jre/bin;C:/Program Files/Java/jdk1.8.0_181/bin/../jre/lib/amd64;C:\Program Files (x86)\Intel\Intel(R) Management Engine Components\iCLS\;C:\Program Files\Intel\Intel(R) Management Engine Components\iCLS\;C:\WINDOWS\system32;C:\Program Files\Java\jdk1.8.0_181\bin;C:\WINDOWS;C:\WINDOWS\System32\Wbem;C:\WINDOWS\System32\WindowsPowerShell\v1.0\;C:\Program Files\Git\cmd;C:\Program Files\Git\mingw64\bin;C:\Program Files\Git\usr\bin;C:\Program Files\apache-maven-3.5.4\bin;C:\Program Files\Microsoft VS Code\bin;C:\Program Files\PuTTY\;C:\WINDOWS\System32\OpenSSH\;C:\Program Files (x86)\Intel\Intel(R) Management Engine Components\DAL;C:\Program Files\Intel\Intel(R) Management Engine Components\DAL;C:\Program Files (x86)\Intel\Intel(R) Management Engine Components\IPT;C:\Program Files\Intel\Intel(R) Management Engine Components\IPT;C:\HashiCorp\Vagrant\bin;C:\Program Files\nodejs\;C:\Users\shuchi\android-sdks\tools;C:\Users\shuchi\android-sdks\tools\bin;C:\Users\shuchi\android-sdks\platform-tools;C:\Users\shuchi\android\tools\;C:\Users\shuchi\android\tools\bin;C:\Users\shuchi\android\platform-tools;C:\Program Files\Intel\WiFi\bin\;C:\Program Files\Common Files\Intel\WirelessCommon\;C:\Users\shuchi\AppData\Local\Microsoft\WindowsApps;C:\Users\shuchi\googleCloud\google-cloud-sdk\bin;C:\Program Files\Docker Toolbox;C:\Users\shuchi\AppData\Roaming\npm;C:\Program Files\Intel\WiFi\bin\;C:\Program Files\Common Files\Intel\WirelessCommon\;C:\Users\shuchi\Desktop;
USERNAME=shuchi
OS=Windows_NT
PROCESSOR_IDENTIFIER=Intel64 Family 6 Model 142 Stepping 10, GenuineIntel



---------------  S Y S T E M  ---------------

OS: Windows 10.0 , 64 bit Build 17134 (10.0.17134.1)

CPU:total 8 (initial active 8) (4 cores per cpu, 2 threads per core) family 6 model 142 stepping 10, cmov, cx8, fxsr, mmx, sse, sse2, sse3, ssse3, sse4.1, sse4.2, popcnt, avx, avx2, aes, clmul, erms, 3dnowpref, lzcnt, ht, tsc, tscinvbit, bmi1, bmi2, adx

Memory: 4k page, physical 8301668k(2084228k free), swap 15903844k(4210456k free)

vm_info: Java HotSpot(TM) 64-Bit Server VM (25.181-b13) for windows-amd64 JRE (1.8.0_181-b13), built on Jul  7 2018 04:01:33 by "java_re" with MS VC++ 10.0 (VS2010)

time: Fri Dec 21 13:54:22 2018
elapsed time: 1168 seconds (0d 0h 19m 28s)

